<?xml version="1.0" encoding="UTF-8"?>
<testsuite xmlns:xsi="http://www.w3.org/2001/XMLSchema-instance" xsi:noNamespaceSchemaLocation="https://maven.apache.org/surefire/maven-surefire-plugin/xsd/surefire-test-report.xsd" version="3.0.2" name="vasyl.karpliak.aiCRM.sales.service.DealServiceTest" time="0.319" tests="4" errors="0" skipped="0" failures="0">
  <properties>
[...]
</properties>
  <testcase name="getDeal_WhenProjectDoesNotMatch_ShouldThrowException" classname="vasyl.karpliak.aiCRM.sales.service.DealServiceTest" time="0.292"/>
  <testcase name="createDeal_ShouldSaveDealAndLogEvent" classname="vasyl.karpliak.aiCRM.sales.service.DealServiceTest" time="0.01"/>
  <testcase name="getDeal_WhenExistsAndProjectMatches_ShouldReturnDeal" classname="vasyl.karpliak.aiCRM.sales.service.DealServiceTest" time="0.004"/>
  <testcase name="changeStatus_ShouldUpdateStatusAndLogEvent" classname="vasyl.karpliak.aiCRM.sales.service.DealServiceTest" time="0.006"/>
</testsuite>